<?xml version="1.0" encoding="UTF-8"?>
<!-- Generated by org.testng.reporters.JUnitReportReporter -->
<testsuite hostname="DESKTOP-CVOMGDJ" failures="0" tests="1" name="Automation.Naukri.NaukriAutomation" time="20.141" errors="0" timestamp="2025-02-23T16:02:52 IST" skipped="0">
  <testcase classname="Automation.Naukri.NaukriAutomation" name="updateHeadline" time="20.141"/>
</testsuite> <!-- Automation.Naukri.NaukriAutomation -->
